Using pre-set license
Built from '2021.3/staging' branch; Version is '2021.3.24f1 (cf10dcf7010d) revision 13570268'; Using compiler version '192829333'; Build Type 'Release'
OS: 'Windows 10  (10.0.19045) 64bit Professional' Language: 'en' Physical Memory: 16295 MB
BatchMode: 1, IsHumanControllingUs: 0, StartBugReporterOnCrash: 0, Is64bit: 1, IsPro: 1

COMMAND LINE ARGUMENTS:
C:\Program Files\Unity\Hub\Editor\2021.3.24f1\Editor\Unity.exe
-adb2
-batchMode
-noUpm
-name
AssetImportWorker0
-projectPath
D:/Users/benhm/Documents/GitHub/zombie/zombie
-logFile
Logs/AssetImportWorker0.log
-srvPort
54801
Successfully changed project path to: D:/Users/benhm/Documents/GitHub/zombie/zombie
D:/Users/benhm/Documents/GitHub/zombie/zombie
[UnityMemory] Configuration Parameters - Can be set up in boot.config
    "memorysetup-bucket-allocator-granularity=16"
    "memorysetup-bucket-allocator-bucket-count=8"
    "memorysetup-bucket-allocator-block-size=33554432"
    "memorysetup-bucket-allocator-block-count=8"
    "memorysetup-main-allocator-block-size=16777216"
    "memorysetup-thread-allocator-block-size=16777216"
    "memorysetup-gfx-main-allocator-block-size=16777216"
    "memorysetup-gfx-thread-allocator-block-size=16777216"
    "memorysetup-cache-allocator-block-size=4194304"
    "memorysetup-typetree-allocator-block-size=2097152"
    "memorysetup-profiler-bucket-allocator-granularity=16"
    "memorysetup-profiler-bucket-allocator-bucket-count=8"
    "memorysetup-profiler-bucket-allocator-block-size=33554432"
    "memorysetup-profiler-bucket-allocator-block-count=8"
    "memorysetup-profiler-allocator-block-size=16777216"
    "memorysetup-profiler-editor-allocator-block-size=1048576"
    "memorysetup-temp-allocator-size-main=16777216"
    "memorysetup-job-temp-allocator-block-size=2097152"
    "memorysetup-job-temp-allocator-block-size-background=1048576"
    "memorysetup-job-temp-allocator-reduction-small-platforms=262144"
    "memorysetup-temp-allocator-size-background-worker=32768"
    "memorysetup-temp-allocator-size-job-worker=262144"
    "memorysetup-temp-allocator-size-preload-manager=33554432"
    "memorysetup-temp-allocator-size-nav-mesh-worker=65536"
    "memorysetup-temp-allocator-size-audio-worker=65536"
    "memorysetup-temp-allocator-size-cloud-worker=32768"
    "memorysetup-temp-allocator-size-gi-baking-worker=262144"
    "memorysetup-temp-allocator-size-gfx=262144"
Player connection [26736] Host "[IP] 192.168.0.46 [Port] 0 [Flags] 2 [Guid] 1923095084 [EditorId] 1923095084 [Version] 1048832 [Id] WindowsEditor(7,DESKTOP-1A6VMRF) [Debug] 1 [PackageName] WindowsEditor [ProjectName] Editor" joined multi-casting on [225.0.0.222:54997]...

Player connection [26736] Host "[IP] 192.168.0.46 [Port] 0 [Flags] 2 [Guid] 1923095084 [EditorId] 1923095084 [Version] 1048832 [Id] WindowsEditor(7,DESKTOP-1A6VMRF) [Debug] 1 [PackageName] WindowsEditor [ProjectName] Editor" joined alternative multi-casting on [225.0.0.222:34997]...

Refreshing native plugins compatible for Editor in 80.52 ms, found 3 plugins.
Preloading 0 native plugins for Editor in 0.00 ms.
Initialize engine version: 2021.3.24f1 (cf10dcf7010d)
[Subsystems] Discovering subsystems at path C:/Program Files/Unity/Hub/Editor/2021.3.24f1/Editor/Data/Resources/UnitySubsystems
[Subsystems] Discovering subsystems at path D:/Users/benhm/Documents/GitHub/zombie/zombie/Assets
GfxDevice: creating device client; threaded=0; jobified=0
Direct3D:
    Version:  Direct3D 11.0 [level 11.1]
    Renderer: NVIDIA GeForce GTX 1650 (ID=0x1f91)
    Vendor:   NVIDIA
    VRAM:     3949 MB
    Driver:   31.0.15.3179
Initialize mono
Mono path[0] = 'C:/Program Files/Unity/Hub/Editor/2021.3.24f1/Editor/Data/Managed'
Mono path[1] = 'C:/Program Files/Unity/Hub/Editor/2021.3.24f1/Editor/Data/MonoBleedingEdge/lib/mono/unityjit-win32'
Mono config path = 'C:/Program Files/Unity/Hub/Editor/2021.3.24f1/Editor/Data/MonoBleedingEdge/etc'
Using monoOptions --debugger-agent=transport=dt_socket,embedding=1,server=y,suspend=n,address=127.0.0.1:56040
Begin MonoManager ReloadAssembly
Registering precompiled unity dll's ...
Register platform support module: C:/Program Files/Unity/Hub/Editor/2021.3.24f1/Editor/Data/PlaybackEngines/AndroidPlayer/UnityEditor.Android.Extensions.dll
Register platform support module: C:/Program Files/Unity/Hub/Editor/2021.3.24f1/Editor/Data/PlaybackEngines/WindowsStandaloneSupport/UnityEditor.WindowsStandalone.Extensions.dll
Registered in 0.009331 seconds.
Native extension for WindowsStandalone target not found
Native extension for Android target not found
Refreshing native plugins compatible for Editor in 81.93 ms, found 3 plugins.
Preloading 0 native plugins for Editor in 0.00 ms.
Mono: successfully reloaded assembly
- Completed reload, in  0.813 seconds
Domain Reload Profiling:
	ReloadAssembly (814ms)
		BeginReloadAssembly (114ms)
			ExecutionOrderSort (0ms)
			DisableScriptedObjects (0ms)
			BackupInstance (0ms)
			ReleaseScriptingObjects (0ms)
			CreateAndSetChildDomain (1ms)
		EndReloadAssembly (576ms)
			LoadAssemblies (113ms)
			RebuildTransferFunctionScriptingTraits (0ms)
			SetupTypeCache (135ms)
			ReleaseScriptCaches (0ms)
			RebuildScriptCaches (33ms)
			SetupLoadedEditorAssemblies (350ms)
				LogAssemblyErrors (0ms)
				InitializePlatformSupportModulesInManaged (104ms)
				SetLoadedEditorAssemblies (0ms)
				RefreshPlugins (82ms)
				BeforeProcessingInitializeOnLoad (1ms)
				ProcessInitializeOnLoadAttributes (109ms)
				ProcessInitializeOnLoadMethodAttributes (53ms)
				AfterProcessingInitializeOnLoad (0ms)
				EditorAssembliesLoaded (0ms)
			ExecutionOrderSort2 (0ms)
			AwakeInstancesAfterBackupRestoration (0ms)
Platform modules already initialized, skipping
Registering precompiled user dll's ...
Registered in 0.003459 seconds.
Begin MonoManager ReloadAssembly
Symbol file LoadedFromMemory doesn't match image D:\Users\benhm\Documents\GitHub\zombie\zombie\Library\PackageCache\com.unity.visualscripting@1.8.0\Editor\VisualScripting.Core\Dependencies\YamlDotNet\Unity.VisualScripting.YamlDotNet.dll
Symbol file LoadedFromMemory doesn't match image D:\Users\benhm\Documents\GitHub\zombie\zombie\Library\PackageCache\com.unity.visualscripting@1.8.0\Editor\VisualScripting.Core\Dependencies\DotNetZip\Unity.VisualScripting.IonicZip.dll
Native extension for WindowsStandalone target not found
Native extension for Android target not found
Refreshing native plugins compatible for Editor in 0.54 ms, found 3 plugins.
Preloading 0 native plugins for Editor in 0.00 ms.
Mono: successfully reloaded assembly
- Completed reload, in  1.332 seconds
Domain Reload Profiling:
	ReloadAssembly (1333ms)
		BeginReloadAssembly (196ms)
			ExecutionOrderSort (0ms)
			DisableScriptedObjects (7ms)
			BackupInstance (0ms)
			ReleaseScriptingObjects (0ms)
			CreateAndSetChildDomain (25ms)
		EndReloadAssembly (1003ms)
			LoadAssemblies (133ms)
			RebuildTransferFunctionScriptingTraits (0ms)
			SetupTypeCache (372ms)
			ReleaseScriptCaches (1ms)
			RebuildScriptCaches (61ms)
			SetupLoadedEditorAssemblies (400ms)
				LogAssemblyErrors (0ms)
				InitializePlatformSupportModulesInManaged (20ms)
				SetLoadedEditorAssemblies (0ms)
				RefreshPlugins (1ms)
				BeforeProcessingInitializeOnLoad (93ms)
				ProcessInitializeOnLoadAttributes (252ms)
				ProcessInitializeOnLoadMethodAttributes (21ms)
				AfterProcessingInitializeOnLoad (14ms)
				EditorAssembliesLoaded (0ms)
			ExecutionOrderSort2 (0ms)
			AwakeInstancesAfterBackupRestoration (7ms)
Platform modules already initialized, skipping
========================================================================
Worker process is ready to serve import requests
Launched and connected shader compiler UnityShaderCompiler.exe after 0.06 seconds
Refreshing native plugins compatible for Editor in 1.23 ms, found 3 plugins.
Preloading 0 native plugins for Editor in 0.00 ms.
Unloading 3057 Unused Serialized files (Serialized files now loaded: 0)
Unloading 24 unused Assets / (114.0 KB). Loaded Objects now: 3522.
Memory consumption went from 109.4 MB to 109.3 MB.
Total: 3.469900 ms (FindLiveObjects: 0.353000 ms CreateObjectMapping: 0.203500 ms MarkObjects: 2.793400 ms  DeleteObjects: 0.119100 ms)

AssetImportParameters requested are different than current active one (requested -> active):
  custom:video-decoder-ogg-theora: a1e56fd34408186e4bbccfd4996cb3dc -> 
  custom:container-muxer-webm: aa71ff27fc2769a1b78a27578f13a17b -> 
  custom:container-demuxer-webm: 4f35f7cbe854078d1ac9338744f61a02 -> 
  custom:video-encoder-webm-vp8: eb34c28f22e8b96e1ab97ce403110664 -> 
  custom:audio-encoder-webm-vorbis: bf7c407c2cedff20999df2af8eb42d56 -> 
  custom:framework-win-MediaFoundation: 216162199b28c13a410421893ffa2e32 -> 
  custom:container-demuxer-ogg: 62fdf1f143b41e24485cea50d1cbac27 -> 
  custom:video-decoder-webm-vp8: 9c59270c3fd7afecdb556c50c9e8de78 -> 
  custom:audio-decoder-ogg-vorbis: bf7c407c2cedff20999df2af8eb42d56 -> 
========================================================================
Received Import Request.
  Time since last request: 634915.605951 seconds.
  path: Assets/New Terrain.asset
  artifactKey: Guid(10065eadd154a4b49b4dbdcfba265b3f) Importer(815301076,1909f56bfc062723c751e8b465ee728b)
Start importing Assets/New Terrain.asset using Guid(10065eadd154a4b49b4dbdcfba265b3f) Importer(815301076,1909f56bfc062723c751e8b465ee728b)  -> (artifact id: 'b3f6e64985a5fe66cc0efb8b487ca953') in 0.045319 seconds 
========================================================================
Received Import Request.
  Time since last request: 0.000018 seconds.
  path: Assets/Gun Shot Pressure 1.wav
  artifactKey: Guid(c3c30eb2b4232d040aefceac20296bcd) Importer(815301076,1909f56bfc062723c751e8b465ee728b)
Start importing Assets/Gun Shot Pressure 1.wav using Guid(c3c30eb2b4232d040aefceac20296bcd) Importer(815301076,1909f56bfc062723c751e8b465ee728b)  -> (artifact id: '4fd0740412170e9a22f1ea3146cae375') in 0.128417 seconds 
========================================================================
Received Prepare
Registering precompiled user dll's ...
Registered in 0.003576 seconds.
Begin MonoManager ReloadAssembly
Symbol file LoadedFromMemory doesn't match image D:\Users\benhm\Documents\GitHub\zombie\zombie\Library\PackageCache\com.unity.visualscripting@1.8.0\Editor\VisualScripting.Core\Dependencies\YamlDotNet\Unity.VisualScripting.YamlDotNet.dll
Symbol file LoadedFromMemory doesn't match image D:\Users\benhm\Documents\GitHub\zombie\zombie\Library\PackageCache\com.unity.visualscripting@1.8.0\Editor\VisualScripting.Core\Dependencies\DotNetZip\Unity.VisualScripting.IonicZip.dll
Native extension for WindowsStandalone target not found
Native extension for Android target not found
Refreshing native plugins compatible for Editor in 0.67 ms, found 3 plugins.
Preloading 0 native plugins for Editor in 0.00 ms.
Mono: successfully reloaded assembly
- Completed reload, in  1.447 seconds
Domain Reload Profiling:
	ReloadAssembly (1447ms)
		BeginReloadAssembly (171ms)
			ExecutionOrderSort (0ms)
			DisableScriptedObjects (6ms)
			BackupInstance (0ms)
			ReleaseScriptingObjects (0ms)
			CreateAndSetChildDomain (40ms)
		EndReloadAssembly (1155ms)
			LoadAssemblies (117ms)
			RebuildTransferFunctionScriptingTraits (0ms)
			SetupTypeCache (421ms)
			ReleaseScriptCaches (1ms)
			RebuildScriptCaches (62ms)
			SetupLoadedEditorAssemblies (459ms)
				LogAssemblyErrors (0ms)
				InitializePlatformSupportModulesInManaged (34ms)
				SetLoadedEditorAssemblies (1ms)
				RefreshPlugins (1ms)
				BeforeProcessingInitializeOnLoad (89ms)
				ProcessInitializeOnLoadAttributes (289ms)
				ProcessInitializeOnLoadMethodAttributes (30ms)
				AfterProcessingInitializeOnLoad (15ms)
				EditorAssembliesLoaded (0ms)
			ExecutionOrderSort2 (0ms)
			AwakeInstancesAfterBackupRestoration (11ms)
Platform modules already initialized, skipping
Refreshing native plugins compatible for Editor in 2.17 ms, found 3 plugins.
Preloading 0 native plugins for Editor in 0.00 ms.
Unloading 3049 Unused Serialized files (Serialized files now loaded: 0)
Unloading 19 unused Assets / (0.6 MB). Loaded Objects now: 3536.
Memory consumption went from 114.2 MB to 113.6 MB.
Total: 4.632500 ms (FindLiveObjects: 0.397800 ms CreateObjectMapping: 0.680000 ms MarkObjects: 3.191000 ms  DeleteObjects: 0.362600 ms)

AssetImportParameters requested are different than current active one (requested -> active):
  custom:video-decoder-ogg-theora: a1e56fd34408186e4bbccfd4996cb3dc -> 
  custom:container-muxer-webm: aa71ff27fc2769a1b78a27578f13a17b -> 
  custom:container-demuxer-webm: 4f35f7cbe854078d1ac9338744f61a02 -> 
  custom:video-encoder-webm-vp8: eb34c28f22e8b96e1ab97ce403110664 -> 
  custom:audio-encoder-webm-vorbis: bf7c407c2cedff20999df2af8eb42d56 -> 
  custom:framework-win-MediaFoundation: 216162199b28c13a410421893ffa2e32 -> 
  custom:container-demuxer-ogg: 62fdf1f143b41e24485cea50d1cbac27 -> 
  custom:video-decoder-webm-vp8: 9c59270c3fd7afecdb556c50c9e8de78 -> 
  custom:audio-decoder-ogg-vorbis: bf7c407c2cedff20999df2af8eb42d56 -> 
========================================================================
Received Import Request.
  Time since last request: 1214.784767 seconds.
  path: Assets/Climbing Ladder.fbx
  artifactKey: Guid(d4fddea8d3b22314f94d37198ce1139e) Importer(815301076,1909f56bfc062723c751e8b465ee728b)
Start importing Assets/Climbing Ladder.fbx using Guid(d4fddea8d3b22314f94d37198ce1139e) Importer(815301076,1909f56bfc062723c751e8b465ee728b)  -> (artifact id: '98d0d74446ec15c1bda81d87988c57ed') in 0.048948 seconds 
========================================================================
Received Import Request.
  Time since last request: 14.935318 seconds.
  path: Assets/Caract/character.controller
  artifactKey: Guid(c577e50efb551a14598f893511c7b313) Importer(815301076,1909f56bfc062723c751e8b465ee728b)
Start importing Assets/Caract/character.controller using Guid(c577e50efb551a14598f893511c7b313) Importer(815301076,1909f56bfc062723c751e8b465ee728b)  -> (artifact id: '1866baa4b4f39930c24ae3e46e69c0f0') in 0.012994 seconds 
========================================================================
Received Import Request.
  Time since last request: 10.708777 seconds.
  path: Assets/scripts
  artifactKey: Guid(9df628b7009ae1848a8dd1d5905fc734) Importer(815301076,1909f56bfc062723c751e8b465ee728b)
Start importing Assets/scripts using Guid(9df628b7009ae1848a8dd1d5905fc734) Importer(815301076,1909f56bfc062723c751e8b465ee728b)  -> (artifact id: '548a4da0b00f8b90d11fe0c768bc7f1c') in 0.003336 seconds 
========================================================================
Received Import Request.
  Time since last request: 19.889761 seconds.
  path: Assets/scripts/ladder.cs
  artifactKey: Guid(5eff110da9a947e44b662d07e9c9a830) Importer(815301076,1909f56bfc062723c751e8b465ee728b)
Start importing Assets/scripts/ladder.cs using Guid(5eff110da9a947e44b662d07e9c9a830) Importer(815301076,1909f56bfc062723c751e8b465ee728b)  -> (artifact id: '609c41fe4c0ad3ae129e218873be1f06') in 0.006876 seconds 
========================================================================
Received Import Request.
  Time since last request: 257.232859 seconds.
  path: Assets/Climbing Ladder 1.fbx
  artifactKey: Guid(31f937915e676e545b5e709426197629) Importer(815301076,1909f56bfc062723c751e8b465ee728b)
Start importing Assets/Climbing Ladder 1.fbx using Guid(31f937915e676e545b5e709426197629) Importer(815301076,1909f56bfc062723c751e8b465ee728b)  -> (artifact id: 'a8b52ccdd5eb002ba3edfed20fb2d304') in 0.005451 seconds 
========================================================================
Received Import Request.
  Time since last request: 10.898664 seconds.
  path: Assets/Caract/character.controller
  artifactKey: Guid(c577e50efb551a14598f893511c7b313) Importer(815301076,1909f56bfc062723c751e8b465ee728b)
Start importing Assets/Caract/character.controller using Guid(c577e50efb551a14598f893511c7b313) Importer(815301076,1909f56bfc062723c751e8b465ee728b)  -> (artifact id: '4cad6bfea02b6657fb11dfbbe52c9865') in 0.011370 seconds 
========================================================================
Received Import Request.
  Time since last request: 101.378491 seconds.
  path: Assets/Climbing Ladder 1.fbx
  artifactKey: Guid(31f937915e676e545b5e709426197629) Importer(815301076,1909f56bfc062723c751e8b465ee728b)
Start importing Assets/Climbing Ladder 1.fbx using Guid(31f937915e676e545b5e709426197629) Importer(815301076,1909f56bfc062723c751e8b465ee728b)  -> (artifact id: '820e8ef117ceae57b13e6ff01fe829ee') in 0.006321 seconds 
========================================================================
Received Import Request.
  Time since last request: 10.769117 seconds.
  path: Assets/Climbing Ladder.fbx
  artifactKey: Guid(d4fddea8d3b22314f94d37198ce1139e) Importer(815301076,1909f56bfc062723c751e8b465ee728b)
Start importing Assets/Climbing Ladder.fbx using Guid(d4fddea8d3b22314f94d37198ce1139e) Importer(815301076,1909f56bfc062723c751e8b465ee728b)  -> (artifact id: '62aeb0a72c340fb3067e5039ba6c8380') in 0.005684 seconds 
========================================================================
Received Import Request.
  Time since last request: 64.117403 seconds.
  path: Assets/Climbing Down Wall.fbx
  artifactKey: Guid(a31af80ffe50a884db81cf037239fe86) Importer(815301076,1909f56bfc062723c751e8b465ee728b)
Start importing Assets/Climbing Down Wall.fbx using Guid(a31af80ffe50a884db81cf037239fe86) Importer(815301076,1909f56bfc062723c751e8b465ee728b)  -> (artifact id: 'f42729c712cf3be4cde2a062eabc4914') in 0.015493 seconds 
========================================================================
Received Prepare
Registering precompiled user dll's ...
Registered in 0.004758 seconds.
Begin MonoManager ReloadAssembly
Symbol file LoadedFromMemory doesn't match image D:\Users\benhm\Documents\GitHub\zombie\zombie\Library\PackageCache\com.unity.visualscripting@1.8.0\Editor\VisualScripting.Core\Dependencies\YamlDotNet\Unity.VisualScripting.YamlDotNet.dll
Symbol file LoadedFromMemory doesn't match image D:\Users\benhm\Documents\GitHub\zombie\zombie\Library\PackageCache\com.unity.visualscripting@1.8.0\Editor\VisualScripting.Core\Dependencies\DotNetZip\Unity.VisualScripting.IonicZip.dll
Native extension for WindowsStandalone target not found
Native extension for Android target not found
Refreshing native plugins compatible for Editor in 0.55 ms, found 3 plugins.
Preloading 0 native plugins for Editor in 0.00 ms.
Mono: successfully reloaded assembly
- Completed reload, in  1.187 seconds
Domain Reload Profiling:
	ReloadAssembly (1188ms)
		BeginReloadAssembly (185ms)
			ExecutionOrderSort (0ms)
			DisableScriptedObjects (7ms)
			BackupInstance (0ms)
			ReleaseScriptingObjects (0ms)
			CreateAndSetChildDomain (44ms)
		EndReloadAssembly (892ms)
			LoadAssemblies (115ms)
			RebuildTransferFunctionScriptingTraits (0ms)
			SetupTypeCache (354ms)
			ReleaseScriptCaches (1ms)
			RebuildScriptCaches (48ms)
			SetupLoadedEditorAssemblies (322ms)
				LogAssemblyErrors (0ms)
				InitializePlatformSupportModulesInManaged (22ms)
				SetLoadedEditorAssemblies (0ms)
				RefreshPlugins (1ms)
				BeforeProcessingInitializeOnLoad (74ms)
				ProcessInitializeOnLoadAttributes (196ms)
				ProcessInitializeOnLoadMethodAttributes (20ms)
				AfterProcessingInitializeOnLoad (8ms)
				EditorAssembliesLoaded (0ms)
			ExecutionOrderSort2 (0ms)
			AwakeInstancesAfterBackupRestoration (6ms)
Platform modules already initialized, skipping
Refreshing native plugins compatible for Editor in 1.41 ms, found 3 plugins.
Preloading 0 native plugins for Editor in 0.00 ms.
Unloading 3049 Unused Serialized files (Serialized files now loaded: 0)
Unloading 17 unused Assets / (80.5 KB). Loaded Objects now: 3539.
Memory consumption went from 113.7 MB to 113.6 MB.
Total: 3.599200 ms (FindLiveObjects: 0.266600 ms CreateObjectMapping: 0.145100 ms MarkObjects: 3.092200 ms  DeleteObjects: 0.094500 ms)

AssetImportParameters requested are different than current active one (requested -> active):
  custom:video-decoder-ogg-theora: a1e56fd34408186e4bbccfd4996cb3dc -> 
  custom:container-muxer-webm: aa71ff27fc2769a1b78a27578f13a17b -> 
  custom:container-demuxer-webm: 4f35f7cbe854078d1ac9338744f61a02 -> 
  custom:video-encoder-webm-vp8: eb34c28f22e8b96e1ab97ce403110664 -> 
  custom:audio-encoder-webm-vorbis: bf7c407c2cedff20999df2af8eb42d56 -> 
  custom:framework-win-MediaFoundation: 216162199b28c13a410421893ffa2e32 -> 
  custom:container-demuxer-ogg: 62fdf1f143b41e24485cea50d1cbac27 -> 
  custom:video-decoder-webm-vp8: 9c59270c3fd7afecdb556c50c9e8de78 -> 
  custom:audio-decoder-ogg-vorbis: bf7c407c2cedff20999df2af8eb42d56 -> 
========================================================================
Received Import Request.
  Time since last request: 158.626850 seconds.
  path: Assets/Caract/character.fbx
  artifactKey: Guid(b20303da9f897564fb72e95d0fb6db4a) Importer(815301076,1909f56bfc062723c751e8b465ee728b)
Start importing Assets/Caract/character.fbx using Guid(b20303da9f897564fb72e95d0fb6db4a) Importer(815301076,1909f56bfc062723c751e8b465ee728b)  -> (artifact id: '66f7ab35a72123ac3c0b282a968c6ef7') in 0.225845 seconds 
========================================================================
Received Import Request.
  Time since last request: 0.000030 seconds.
  path: Assets/Caract/kolou@Jumping.fbx
  artifactKey: Guid(ff2d846a41eebd944b967c521255c632) Importer(815301076,1909f56bfc062723c751e8b465ee728b)
Start importing Assets/Caract/kolou@Jumping.fbx using Guid(ff2d846a41eebd944b967c521255c632) Importer(815301076,1909f56bfc062723c751e8b465ee728b)  -> (artifact id: '1b97b85ff6b8480cff7d9ff63a296949') in 0.006534 seconds 
========================================================================
Received Import Request.
  Time since last request: 0.000032 seconds.
  path: Assets/Caract/kolou@Walking Backwards.fbx
  artifactKey: Guid(703144bd0a7846247ae436f6d7db186b) Importer(815301076,1909f56bfc062723c751e8b465ee728b)
Start importing Assets/Caract/kolou@Walking Backwards.fbx using Guid(703144bd0a7846247ae436f6d7db186b) Importer(815301076,1909f56bfc062723c751e8b465ee728b)  -> (artifact id: '71aa51d68877540d4aa195bc41957251') in 0.022159 seconds 
========================================================================
Received Import Request.
  Time since last request: 2.543791 seconds.
  path: Assets/Caract/maria_specular.png
  artifactKey: Guid(2c1819aa15bee864fbfa5cc654c53c57) Importer(815301076,1909f56bfc062723c751e8b465ee728b)
Start importing Assets/Caract/maria_specular.png using Guid(2c1819aa15bee864fbfa5cc654c53c57) Importer(815301076,1909f56bfc062723c751e8b465ee728b)  -> (artifact id: 'd482a3f629d043ad230e1f5f7d5c1989') in 0.020889 seconds 
========================================================================
Received Import Request.
  Time since last request: 0.000024 seconds.
  path: Assets/Caract/sfx.mp3
  artifactKey: Guid(636c038fa2c900543b8fc48e5fd0fc7a) Importer(815301076,1909f56bfc062723c751e8b465ee728b)
Start importing Assets/Caract/sfx.mp3 using Guid(636c038fa2c900543b8fc48e5fd0fc7a) Importer(815301076,1909f56bfc062723c751e8b465ee728b)  -> (artifact id: '4b4b01e4d6d5416b95d10ed821cb7874') in 0.012307 seconds 
========================================================================
Received Import Request.
  Time since last request: 0.000031 seconds.
  path: Assets/Caract/sfx 1.mp3
  artifactKey: Guid(41b1adde6ea703648a4423c637bba090) Importer(815301076,1909f56bfc062723c751e8b465ee728b)
Start importing Assets/Caract/sfx 1.mp3 using Guid(41b1adde6ea703648a4423c637bba090) Importer(815301076,1909f56bfc062723c751e8b465ee728b)  -> (artifact id: 'd48f2b5cc4351015b55b15d78d8e5bf3') in 0.010733 seconds 
========================================================================
Received Prepare
Registering precompiled user dll's ...
Registered in 0.003327 seconds.
Begin MonoManager ReloadAssembly
Symbol file LoadedFromMemory doesn't match image D:\Users\benhm\Documents\GitHub\zombie\zombie\Library\PackageCache\com.unity.visualscripting@1.8.0\Editor\VisualScripting.Core\Dependencies\YamlDotNet\Unity.VisualScripting.YamlDotNet.dll
Symbol file LoadedFromMemory doesn't match image D:\Users\benhm\Documents\GitHub\zombie\zombie\Library\PackageCache\com.unity.visualscripting@1.8.0\Editor\VisualScripting.Core\Dependencies\DotNetZip\Unity.VisualScripting.IonicZip.dll
Native extension for WindowsStandalone target not found
Native extension for Android target not found
Refreshing native plugins compatible for Editor in 0.74 ms, found 3 plugins.
Preloading 0 native plugins for Editor in 0.00 ms.
Mono: successfully reloaded assembly
- Completed reload, in  1.486 seconds
Domain Reload Profiling:
	ReloadAssembly (1487ms)
		BeginReloadAssembly (186ms)
			ExecutionOrderSort (0ms)
			DisableScriptedObjects (6ms)
			BackupInstance (0ms)
			ReleaseScriptingObjects (0ms)
			CreateAndSetChildDomain (46ms)
		EndReloadAssembly (1168ms)
			LoadAssemblies (126ms)
			RebuildTransferFunctionScriptingTraits (0ms)
			SetupTypeCache (401ms)
			ReleaseScriptCaches (1ms)
			RebuildScriptCaches (64ms)
			SetupLoadedEditorAssemblies (473ms)
				LogAssemblyErrors (0ms)
				InitializePlatformSupportModulesInManaged (31ms)
				SetLoadedEditorAssemblies (1ms)
				RefreshPlugins (1ms)
				BeforeProcessingInitializeOnLoad (98ms)
				ProcessInitializeOnLoadAttributes (299ms)
				ProcessInitializeOnLoadMethodAttributes (30ms)
				AfterProcessingInitializeOnLoad (13ms)
				EditorAssembliesLoaded (0ms)
			ExecutionOrderSort2 (0ms)
			AwakeInstancesAfterBackupRestoration (11ms)
Platform modules already initialized, skipping
Refreshing native plugins compatible for Editor in 2.44 ms, found 3 plugins.
Preloading 0 native plugins for Editor in 0.00 ms.
Unloading 3049 Unused Serialized files (Serialized files now loaded: 0)
Unloading 17 unused Assets / (80.6 KB). Loaded Objects now: 3548.
Memory consumption went from 126.6 MB to 126.5 MB.
Total: 5.119600 ms (FindLiveObjects: 0.366100 ms CreateObjectMapping: 0.265300 ms MarkObjects: 4.348000 ms  DeleteObjects: 0.138700 ms)

AssetImportParameters requested are different than current active one (requested -> active):
  custom:video-decoder-ogg-theora: a1e56fd34408186e4bbccfd4996cb3dc -> 
  custom:container-muxer-webm: aa71ff27fc2769a1b78a27578f13a17b -> 
  custom:container-demuxer-webm: 4f35f7cbe854078d1ac9338744f61a02 -> 
  custom:video-encoder-webm-vp8: eb34c28f22e8b96e1ab97ce403110664 -> 
  custom:audio-encoder-webm-vorbis: bf7c407c2cedff20999df2af8eb42d56 -> 
  custom:framework-win-MediaFoundation: 216162199b28c13a410421893ffa2e32 -> 
  custom:container-demuxer-ogg: 62fdf1f143b41e24485cea50d1cbac27 -> 
  custom:video-decoder-webm-vp8: 9c59270c3fd7afecdb556c50c9e8de78 -> 
  custom:audio-decoder-ogg-vorbis: bf7c407c2cedff20999df2af8eb42d56 -> 
Editor requested this worker to shutdown with reason: Scaling down because of idle timeout
AssetImportWorker is now disconnected from the server
Process exiting
Exiting without the bug reporter. Application will terminate with return code 0